Using pre-set license

 COMMAND LINE ARGUMENTS:
/Applications/Unity/Hub/Editor/2020.3.1f1/Unity.app/Contents/MacOS/Unity
-adb2
-batchMode
-noUpm
-name
AssetImportWorker0
-projectPath
/Users/ukigayatomohiko/Documents/TestProject/AssetTest
-logFile
Logs/AssetImportWorker0.log
-srvPort
65130
Successfully changed project path to: /Users/ukigayatomohiko/Documents/TestProject/AssetTest
/Users/ukigayatomohiko/Documents/TestProject/AssetTest
Using Asset Import Pipeline V2.
Refreshing native plugins compatible for Editor in 25.60 ms, found 1 plugins.
Preloading 0 native plugins for Editor in 0.00 ms.
Initialize engine version: 2020.3.1f1 (77a89f25062f)
[Subsystems] Discovering subsystems at path /Applications/Unity/Hub/Editor/2020.3.1f1/Unity.app/Contents/Resources/UnitySubsystems
[Subsystems] Discovering subsystems at path /Users/ukigayatomohiko/Documents/TestProject/AssetTest/Assets
GfxDevice: creating device client; threaded=0
2021-10-14 17:41:40.640 Unity[1933:4583296] Color LCD preferred device: Intel(R) Iris(TM) Plus Graphics 645 (low power)
2021-10-14 17:41:40.640 Unity[1933:4583296] Metal devices available: 1
2021-10-14 17:41:40.640 Unity[1933:4583296] 0: Intel(R) Iris(TM) Plus Graphics 645 (low power)
2021-10-14 17:41:40.641 Unity[1933:4583296] Using device Intel(R) Iris(TM) Plus Graphics 645 (low power)
Initializing Metal device caps: Intel(R) Iris(TM) Plus Graphics 645
Initialize mono
Mono path[0] = '/Applications/Unity/Hub/Editor/2020.3.1f1/Unity.app/Contents/Managed'
Mono path[1] = '/Applications/Unity/Hub/Editor/2020.3.1f1/Unity.app/Contents/MonoBleedingEdge/lib/mono/unityjit'
Mono config path = '/Applications/Unity/Hub/Editor/2020.3.1f1/Unity.app/Contents/MonoBleedingEdge/etc'
Using monoOptions --debugger-agent=transport=dt_socket,embedding=1,server=y,suspend=n,address=127.0.0.1:56933
Begin MonoManager ReloadAssembly
Registering precompiled unity dll's ...
Register platform support module: /Applications/Unity/Hub/Editor/2020.3.1f1/PlaybackEngines/WebGLSupport/UnityEditor.WebGL.Extensions.dll
Register platform support module: /Applications/Unity/Hub/Editor/2020.3.1f1/Unity.app/Contents/PlaybackEngines/MacStandaloneSupport/UnityEditor.OSXStandalone.Extensions.dll
Registered in 0.004659 seconds.
Native extension for OSXStandalone target not found
Native extension for WebGL target not found
Refreshing native plugins compatible for Editor in 31.37 ms, found 1 plugins.
Preloading 0 native plugins for Editor in 0.00 ms.
Invoked RoslynAnalysisRunner static constructor.
RoslynAnalysisRunner will not be running.
RoslynAnalysisRunner has terminated.
Mono: successfully reloaded assembly
- Completed reload, in  1.703 seconds
Platform modules already initialized, skipping
Registering precompiled user dll's ...
Registered in 0.001110 seconds.
Begin MonoManager ReloadAssembly
Native extension for OSXStandalone target not found
Native extension for WebGL target not found
Refreshing native plugins compatible for Editor in 0.25 ms, found 1 plugins.
Preloading 0 native plugins for Editor in 0.00 ms.
Invoked RoslynAnalysisRunner static constructor.
RoslynAnalysisRunner will not be running.
RoslynAnalysisRunner has terminated.
Mono: successfully reloaded assembly
- Completed reload, in  1.001 seconds
Platform modules already initialized, skipping
========================================================================
Worker process is ready to serve import requests
Launching external process: /Applications/Unity/Hub/Editor/2020.3.1f1/Unity.app/Contents/Tools/UnityShaderCompiler
Launched and connected shader compiler UnityShaderCompiler after 0.01 seconds
Refreshing native plugins compatible for Editor in 0.26 ms, found 1 plugins.
Preloading 0 native plugins for Editor in 0.00 ms.
Unloading 1125 Unused Serialized files (Serialized files now loaded: 0)
System memory in use before: 109.7 MB.
System memory in use after: 109.7 MB.

Unloading 10 unused Assets to reduce memory usage. Loaded Objects now: 1568.
Total: 2.328199 ms (FindLiveObjects: 0.215539 ms CreateObjectMapping: 0.053074 ms MarkObjects: 1.953156 ms  DeleteObjects: 0.105144 ms)

========================================================================
Received Import Request.
  path: Assets/Scenes
  artifactKey: Guid(37a36e52c198542cc9ca8f0f13f3eca6) Importer(815301076,1909f56bfc062723c751e8b465ee728b)
Start importing Assets/Scenes using Guid(37a36e52c198542cc9ca8f0f13f3eca6) Importer(815301076,1909f56bfc062723c751e8b465ee728b)  -> (artifact id: '0f18db85d8b5ad9cbc6b5607d8f123db') in 0.012681 seconds
  Import took 0.018348 seconds .

========================================================================
Received Import Request.
  Time since last request: 0.000259 seconds.
  path: Assets/Scenes/SampleScene.unity
  artifactKey: Guid(9fc0d4010bbf28b4594072e72b8655ab) Importer(815301076,1909f56bfc062723c751e8b465ee728b)
Start importing Assets/Scenes/SampleScene.unity using Guid(9fc0d4010bbf28b4594072e72b8655ab) Importer(815301076,1909f56bfc062723c751e8b465ee728b)  -> (artifact id: '9a0c7bd3eade52b464e03a3fa19ccb01') in 0.009890 seconds
  Import took 0.012656 seconds .

========================================================================
Received Import Request.
  Time since last request: 3151.878160 seconds.
  path: Assets/GameScene/Animations
  artifactKey: Guid(4810a14ea101abe49b277064660b52ca) Importer(815301076,1909f56bfc062723c751e8b465ee728b)
Start importing Assets/GameScene/Animations using Guid(4810a14ea101abe49b277064660b52ca) Importer(815301076,1909f56bfc062723c751e8b465ee728b)  -> (artifact id: 'a8276d0a7808cbc609e2af31119f602f') in 0.006525 seconds
  Import took 0.030880 seconds .

