Using pre-set license

 COMMAND LINE ARGUMENTS:
/Applications/Unity/Hub/Editor/2020.3.1f1/Unity.app/Contents/MacOS/Unity
-adb2
-batchMode
-noUpm
-name
AssetImportWorker0
-projectPath
/Users/ukigayatomohiko/Documents/TestProject/AssetTest
-logFile
Logs/AssetImportWorker0.log
-srvPort
59702
Successfully changed project path to: /Users/ukigayatomohiko/Documents/TestProject/AssetTest
/Users/ukigayatomohiko/Documents/TestProject/AssetTest
Using Asset Import Pipeline V2.
Refreshing native plugins compatible for Editor in 33.73 ms, found 1 plugins.
Preloading 0 native plugins for Editor in 0.00 ms.
Initialize engine version: 2020.3.1f1 (77a89f25062f)
[Subsystems] Discovering subsystems at path /Applications/Unity/Hub/Editor/2020.3.1f1/Unity.app/Contents/Resources/UnitySubsystems
[Subsystems] Discovering subsystems at path /Users/ukigayatomohiko/Documents/TestProject/AssetTest/Assets
GfxDevice: creating device client; threaded=0
2021-10-07 18:35:59.775 Unity[57796:2816122] Color LCD preferred device: Intel(R) Iris(TM) Plus Graphics 645 (low power)
2021-10-07 18:35:59.775 Unity[57796:2816122] Metal devices available: 1
2021-10-07 18:35:59.776 Unity[57796:2816122] 0: Intel(R) Iris(TM) Plus Graphics 645 (low power)
2021-10-07 18:35:59.777 Unity[57796:2816122] Using device Intel(R) Iris(TM) Plus Graphics 645 (low power)
Initializing Metal device caps: Intel(R) Iris(TM) Plus Graphics 645
Initialize mono
Mono path[0] = '/Applications/Unity/Hub/Editor/2020.3.1f1/Unity.app/Contents/Managed'
Mono path[1] = '/Applications/Unity/Hub/Editor/2020.3.1f1/Unity.app/Contents/MonoBleedingEdge/lib/mono/unityjit'
Mono config path = '/Applications/Unity/Hub/Editor/2020.3.1f1/Unity.app/Contents/MonoBleedingEdge/etc'
Using monoOptions --debugger-agent=transport=dt_socket,embedding=1,server=y,suspend=n,address=127.0.0.1:56796
Begin MonoManager ReloadAssembly
Registering precompiled unity dll's ...
Register platform support module: /Applications/Unity/Hub/Editor/2020.3.1f1/PlaybackEngines/WebGLSupport/UnityEditor.WebGL.Extensions.dll
Register platform support module: /Applications/Unity/Hub/Editor/2020.3.1f1/Unity.app/Contents/PlaybackEngines/MacStandaloneSupport/UnityEditor.OSXStandalone.Extensions.dll
Registered in 0.002419 seconds.
Native extension for OSXStandalone target not found
Native extension for WebGL target not found
Refreshing native plugins compatible for Editor in 29.81 ms, found 1 plugins.
Preloading 0 native plugins for Editor in 0.00 ms.
Invoked RoslynAnalysisRunner static constructor.
RoslynAnalysisRunner will not be running.
RoslynAnalysisRunner has terminated.
Mono: successfully reloaded assembly
- Completed reload, in  2.340 seconds
Platform modules already initialized, skipping
Registering precompiled user dll's ...
Registered in 0.001950 seconds.
Begin MonoManager ReloadAssembly
Native extension for OSXStandalone target not found
Native extension for WebGL target not found
Refreshing native plugins compatible for Editor in 0.76 ms, found 1 plugins.
Preloading 0 native plugins for Editor in 0.00 ms.
Invoked RoslynAnalysisRunner static constructor.
RoslynAnalysisRunner will not be running.
RoslynAnalysisRunner has terminated.
Mono: successfully reloaded assembly
- Completed reload, in  1.551 seconds
Platform modules already initialized, skipping
========================================================================
Worker process is ready to serve import requests
Launching external process: /Applications/Unity/Hub/Editor/2020.3.1f1/Unity.app/Contents/Tools/UnityShaderCompiler
Launched and connected shader compiler UnityShaderCompiler after 0.03 seconds
Refreshing native plugins compatible for Editor in 0.27 ms, found 1 plugins.
Preloading 0 native plugins for Editor in 0.00 ms.
Unloading 1125 Unused Serialized files (Serialized files now loaded: 0)
System memory in use before: 109.6 MB.
System memory in use after: 109.6 MB.

Unloading 10 unused Assets to reduce memory usage. Loaded Objects now: 1568.
Total: 3.607213 ms (FindLiveObjects: 0.349117 ms CreateObjectMapping: 0.140131 ms MarkObjects: 3.022214 ms  DeleteObjects: 0.093973 ms)

========================================================================
Received Import Request.
  path: Assets/GameScene/Textures/Push.psd
  artifactKey: Guid(7b40d15e87d70ec4b818535474697e31) Importer(815301076,1909f56bfc062723c751e8b465ee728b)
Start importing Assets/GameScene/Textures/Push.psd using Guid(7b40d15e87d70ec4b818535474697e31) Importer(815301076,1909f56bfc062723c751e8b465ee728b)  -> (artifact id: '6c3f1c3dda043461ee3fe4a40dcf365d') in 0.692665 seconds
  Import took 0.699325 seconds .

========================================================================
Received Import Request.
  Time since last request: 0.000421 seconds.
  path: Assets/GameScene/Textures
  artifactKey: Guid(01b23f2812c5ec2418cee3ce0881940f) Importer(815301076,1909f56bfc062723c751e8b465ee728b)
Start importing Assets/GameScene/Textures using Guid(01b23f2812c5ec2418cee3ce0881940f) Importer(815301076,1909f56bfc062723c751e8b465ee728b)  -> (artifact id: '3867e774766f10ca2ee17eeabdaa11cc') in 0.003216 seconds
  Import took 0.006441 seconds .

========================================================================
Received Import Request.
  Time since last request: 0.000609 seconds.
  path: Assets/GameScene/Textures/Pull.psd
  artifactKey: Guid(c598a6ae5e7a9c74b9dfca2f676ddfd8) Importer(815301076,1909f56bfc062723c751e8b465ee728b)
Start importing Assets/GameScene/Textures/Pull.psd using Guid(c598a6ae5e7a9c74b9dfca2f676ddfd8) Importer(815301076,1909f56bfc062723c751e8b465ee728b)  -> (artifact id: '45be8892424de71cb8b695b8ebbfe8bb') in 0.020339 seconds
  Import took 0.024930 seconds .

========================================================================
Received Import Request.
  Time since last request: 0.005632 seconds.
  path: Assets/GameScene/Textures/Star.psd
  artifactKey: Guid(1ad40e2e70de9424a9555f6f67c572ac) Importer(815301076,1909f56bfc062723c751e8b465ee728b)
Start importing Assets/GameScene/Textures/Star.psd using Guid(1ad40e2e70de9424a9555f6f67c572ac) Importer(815301076,1909f56bfc062723c751e8b465ee728b)  -> (artifact id: '0c880bfb297513371201f64bb81a89a7') in 0.019988 seconds
  Import took 0.024852 seconds .

========================================================================
Received Import Request.
  Time since last request: 0.000378 seconds.
  path: Assets/GameScene/Textures/Wall.psd
  artifactKey: Guid(efa1b72303326114dbd8436b0ca37b85) Importer(815301076,1909f56bfc062723c751e8b465ee728b)
Start importing Assets/GameScene/Textures/Wall.psd using Guid(efa1b72303326114dbd8436b0ca37b85) Importer(815301076,1909f56bfc062723c751e8b465ee728b)  -> (artifact id: 'f436dcb1e7f12b93516fb7e5b1837c1c') in 0.024763 seconds
  Import took 0.028756 seconds .

========================================================================
Received Import Request.
  Time since last request: 0.000368 seconds.
  path: Assets/GameScene/Textures/Retry.psd
  artifactKey: Guid(3e6e6a577a844984e8a9fb9b3ec84fc3) Importer(815301076,1909f56bfc062723c751e8b465ee728b)
Start importing Assets/GameScene/Textures/Retry.psd using Guid(3e6e6a577a844984e8a9fb9b3ec84fc3) Importer(815301076,1909f56bfc062723c751e8b465ee728b)  -> (artifact id: 'cf17a11552ff1344faf4541315d15024') in 0.030517 seconds
  Import took 0.034449 seconds .

========================================================================
Received Import Request.
  Time since last request: 0.000459 seconds.
  path: Assets/GameScene/Textures/Camera.psd
  artifactKey: Guid(953337ed1ae31a54ba8ebbb04dabdbf8) Importer(815301076,1909f56bfc062723c751e8b465ee728b)
Start importing Assets/GameScene/Textures/Camera.psd using Guid(953337ed1ae31a54ba8ebbb04dabdbf8) Importer(815301076,1909f56bfc062723c751e8b465ee728b)  -> (artifact id: '9ac4b14815f9a6da0299e8f43fe590cd') in 0.029009 seconds
  Import took 0.032796 seconds .

========================================================================
Received Import Request.
  Time since last request: 0.000505 seconds.
  path: Assets/GameScene/Textures/Rainbow.psd
  artifactKey: Guid(8e781b387f003de4fbe6678a29c80c4b) Importer(815301076,1909f56bfc062723c751e8b465ee728b)
Start importing Assets/GameScene/Textures/Rainbow.psd using Guid(8e781b387f003de4fbe6678a29c80c4b) Importer(815301076,1909f56bfc062723c751e8b465ee728b)  -> (artifact id: '9d420164537d1a7b3b64a0dac49d650d') in 0.015518 seconds
  Import took 0.019165 seconds .

========================================================================
Received Import Request.
  Time since last request: 0.000321 seconds.
  path: Assets/GameScene/Textures/Floor.psd
  artifactKey: Guid(12f351bc2c0c8f2479a911e80bde2df5) Importer(815301076,1909f56bfc062723c751e8b465ee728b)
Start importing Assets/GameScene/Textures/Floor.psd using Guid(12f351bc2c0c8f2479a911e80bde2df5) Importer(815301076,1909f56bfc062723c751e8b465ee728b)  -> (artifact id: '3ccca45fa82deb288e82430342acb388') in 0.031951 seconds
  Import took 0.035505 seconds .

========================================================================
Received Import Request.
  Time since last request: 48.857307 seconds.
  path: Assets/GameScene/Meshes/Book.fbx
  artifactKey: Guid(ba9a7030ad0ceaf448dbf06d70c8aa40) Importer(815301076,1909f56bfc062723c751e8b465ee728b)
Start importing Assets/GameScene/Meshes/Book.fbx using Guid(ba9a7030ad0ceaf448dbf06d70c8aa40) Importer(815301076,1909f56bfc062723c751e8b465ee728b)  -> (artifact id: '2e1870651c80fe3c49e17dbcb018f63d') in 0.552580 seconds
  Import took 0.556156 seconds .

========================================================================
Received Import Request.
  Time since last request: 0.000378 seconds.
  path: Assets/GameScene/Meshes/Sofa.fbx
  artifactKey: Guid(ac73c7a2a04b8444881c035634f7e286) Importer(815301076,1909f56bfc062723c751e8b465ee728b)
Start importing Assets/GameScene/Meshes/Sofa.fbx using Guid(ac73c7a2a04b8444881c035634f7e286) Importer(815301076,1909f56bfc062723c751e8b465ee728b)  -> (artifact id: '78862af3d38e2f92449af59735289ad0') in 0.020886 seconds
  Import took 0.024159 seconds .

========================================================================
Received Import Request.
  Time since last request: 0.000258 seconds.
  path: Assets/GameScene/Meshes/Chair.fbx
  artifactKey: Guid(4f329289529d59044a5727c4a598d9cd) Importer(815301076,1909f56bfc062723c751e8b465ee728b)
Start importing Assets/GameScene/Meshes/Chair.fbx using Guid(4f329289529d59044a5727c4a598d9cd) Importer(815301076,1909f56bfc062723c751e8b465ee728b)  -> (artifact id: 'b81e618484579f93136e62eb4f8b99d7') in 0.046257 seconds
  Import took 0.050380 seconds .

========================================================================
Received Import Request.
  Time since last request: 0.000562 seconds.
  path: Assets/GameScene/Meshes/Key.fbx
  artifactKey: Guid(4d33af1d5ace71a4e880a973e877f81b) Importer(815301076,1909f56bfc062723c751e8b465ee728b)
Start importing Assets/GameScene/Meshes/Key.fbx using Guid(4d33af1d5ace71a4e880a973e877f81b) Importer(815301076,1909f56bfc062723c751e8b465ee728b)  -> (artifact id: 'b270d689fc57bc3a0a1d4b38fe490ea7') in 0.036009 seconds
  Import took 0.040342 seconds .

========================================================================
Received Import Request.
  Time since last request: 0.000390 seconds.
  path: Assets/GameScene/Meshes/Lamp.fbx
  artifactKey: Guid(ecef7ecef5e57474d8052336c2f91dd1) Importer(815301076,1909f56bfc062723c751e8b465ee728b)
Start importing Assets/GameScene/Meshes/Lamp.fbx using Guid(ecef7ecef5e57474d8052336c2f91dd1) Importer(815301076,1909f56bfc062723c751e8b465ee728b)  -> (artifact id: 'aed566e27337c2eb11e9ae97c859043e') in 0.032290 seconds
  Import took 0.035450 seconds .

========================================================================
Received Import Request.
  Time since last request: 0.000353 seconds.
  path: Assets/GameScene/Meshes/Shirts.fbx
  artifactKey: Guid(e606330f8978c0f47b9085d13f89b2b1) Importer(815301076,1909f56bfc062723c751e8b465ee728b)
Start importing Assets/GameScene/Meshes/Shirts.fbx using Guid(e606330f8978c0f47b9085d13f89b2b1) Importer(815301076,1909f56bfc062723c751e8b465ee728b)  -> (artifact id: 'edeaecaf0dc3743917c0230bf4e7bc38') in 0.020257 seconds
  Import took 0.023669 seconds .

========================================================================
Received Import Request.
  Time since last request: 0.000441 seconds.
  path: Assets/GameScene/Meshes/Triangle.fbx
  artifactKey: Guid(3afecdae3d039ac469dd1085f8b262de) Importer(815301076,1909f56bfc062723c751e8b465ee728b)
Start importing Assets/GameScene/Meshes/Triangle.fbx using Guid(3afecdae3d039ac469dd1085f8b262de) Importer(815301076,1909f56bfc062723c751e8b465ee728b)  -> (artifact id: 'ea82690881450bde2907ead9022fa058') in 0.037576 seconds
  Import took 0.040315 seconds .

========================================================================
Received Import Request.
  Time since last request: 0.000340 seconds.
  path: Assets/GameScene/Meshes/E.fbx
  artifactKey: Guid(1cbcae836e06eae48b4f2c625a242e57) Importer(815301076,1909f56bfc062723c751e8b465ee728b)
Start importing Assets/GameScene/Meshes/E.fbx using Guid(1cbcae836e06eae48b4f2c625a242e57) Importer(815301076,1909f56bfc062723c751e8b465ee728b)  -> (artifact id: 'd772d8f8d264c70e94e95023b5b99517') in 0.026177 seconds
  Import took 0.029836 seconds .

========================================================================
Received Import Request.
  Time since last request: 0.000289 seconds.
  path: Assets/GameScene/Meshes/TrashBox.fbx
  artifactKey: Guid(918864de9f13fd24c99b8b1b610f7903) Importer(815301076,1909f56bfc062723c751e8b465ee728b)
Start importing Assets/GameScene/Meshes/TrashBox.fbx using Guid(918864de9f13fd24c99b8b1b610f7903) Importer(815301076,1909f56bfc062723c751e8b465ee728b)  -> (artifact id: '2b3a54aabffbe50c9b3feda8d4651701') in 0.022397 seconds
  Import took 0.026671 seconds .

========================================================================
Received Import Request.
  Time since last request: 0.001000 seconds.
  path: Assets/GameScene/Meshes/Door.fbx
  artifactKey: Guid(faccd447fb182a64483a1187079473cf) Importer(815301076,1909f56bfc062723c751e8b465ee728b)
Start importing Assets/GameScene/Meshes/Door.fbx using Guid(faccd447fb182a64483a1187079473cf) Importer(815301076,1909f56bfc062723c751e8b465ee728b)  -> (artifact id: '8e174305d9dbcc19fb57c76f71196042') in 0.045149 seconds
  Import took 0.048788 seconds .

========================================================================
Received Import Request.
  Time since last request: 0.000397 seconds.
  path: Assets/GameScene/Meshes/PC.fbx
  artifactKey: Guid(781e72996729ce5499cfbf855904e311) Importer(815301076,1909f56bfc062723c751e8b465ee728b)
Start importing Assets/GameScene/Meshes/PC.fbx using Guid(781e72996729ce5499cfbf855904e311) Importer(815301076,1909f56bfc062723c751e8b465ee728b)  -> (artifact id: 'd1c0b6bb7495927c47e54de00fef223d') in 0.019211 seconds
  Import took 0.022943 seconds .

========================================================================
Received Import Request.
  Time since last request: 0.000478 seconds.
  path: Assets/GameScene/Meshes/Closet.fbx
  artifactKey: Guid(d399179cd38991e4eaeac7d8776a368c) Importer(815301076,1909f56bfc062723c751e8b465ee728b)
Start importing Assets/GameScene/Meshes/Closet.fbx using Guid(d399179cd38991e4eaeac7d8776a368c) Importer(815301076,1909f56bfc062723c751e8b465ee728b)  -> (artifact id: '6fbc6a749fa745029c296e41ac78c2e5') in 0.026751 seconds
  Import took 0.031011 seconds .

========================================================================
Received Import Request.
  Time since last request: 0.000670 seconds.
  path: Assets/GameScene/Meshes/Desk.fbx
  artifactKey: Guid(860948ca13dacdd4caee8f1282633a01) Importer(815301076,1909f56bfc062723c751e8b465ee728b)
Start importing Assets/GameScene/Meshes/Desk.fbx using Guid(860948ca13dacdd4caee8f1282633a01) Importer(815301076,1909f56bfc062723c751e8b465ee728b)  -> (artifact id: '20f6d60fbd87f478326149990f37ca44') in 0.023278 seconds
  Import took 0.026163 seconds .

========================================================================
Received Prepare
Registering precompiled user dll's ...
Registered in 0.000705 seconds.
Begin MonoManager ReloadAssembly
Native extension for OSXStandalone target not found
Native extension for WebGL target not found
Refreshing native plugins compatible for Editor in 0.38 ms, found 1 plugins.
Preloading 0 native plugins for Editor in 0.00 ms.
Invoked RoslynAnalysisRunner static constructor.
RoslynAnalysisRunner will not be running.
RoslynAnalysisRunner has terminated.
Mono: successfully reloaded assembly
- Completed reload, in  1.217 seconds
Platform modules already initialized, skipping
Refreshing native plugins compatible for Editor in 0.28 ms, found 1 plugins.
Preloading 0 native plugins for Editor in 0.00 ms.
Unloading 1120 Unused Serialized files (Serialized files now loaded: 0)
System memory in use before: 122.8 MB.
System memory in use after: 122.8 MB.

Unloading 6 unused Assets to reduce memory usage. Loaded Objects now: 1587.
Total: 3.124570 ms (FindLiveObjects: 0.209658 ms CreateObjectMapping: 0.121212 ms MarkObjects: 2.714339 ms  DeleteObjects: 0.077756 ms)

========================================================================
Received Prepare
Registering precompiled user dll's ...
Registered in 0.001152 seconds.
Begin MonoManager ReloadAssembly
Native extension for OSXStandalone target not found
Native extension for WebGL target not found
Refreshing native plugins compatible for Editor in 0.30 ms, found 1 plugins.
Preloading 0 native plugins for Editor in 0.00 ms.
Invoked RoslynAnalysisRunner static constructor.
RoslynAnalysisRunner will not be running.
RoslynAnalysisRunner has terminated.
Mono: successfully reloaded assembly
- Completed reload, in  1.979 seconds
Platform modules already initialized, skipping
Refreshing native plugins compatible for Editor in 0.37 ms, found 1 plugins.
Preloading 0 native plugins for Editor in 0.00 ms.
Unloading 1120 Unused Serialized files (Serialized files now loaded: 0)
System memory in use before: 123.0 MB.
System memory in use after: 123.0 MB.

Unloading 5 unused Assets to reduce memory usage. Loaded Objects now: 1590.
Total: 4.628361 ms (FindLiveObjects: 0.705347 ms CreateObjectMapping: 0.337537 ms MarkObjects: 3.476726 ms  DeleteObjects: 0.105527 ms)

========================================================================
Received Prepare
Registering precompiled user dll's ...
Registered in 0.001519 seconds.
Begin MonoManager ReloadAssembly
Native extension for OSXStandalone target not found
Native extension for WebGL target not found
Refreshing native plugins compatible for Editor in 0.99 ms, found 1 plugins.
Preloading 0 native plugins for Editor in 0.00 ms.
Invoked RoslynAnalysisRunner static constructor.
RoslynAnalysisRunner will not be running.
RoslynAnalysisRunner has terminated.
Mono: successfully reloaded assembly
- Completed reload, in  2.604 seconds
Platform modules already initialized, skipping
Refreshing native plugins compatible for Editor in 0.39 ms, found 1 plugins.
Preloading 0 native plugins for Editor in 0.00 ms.
Unloading 1120 Unused Serialized files (Serialized files now loaded: 0)
System memory in use before: 123.1 MB.
System memory in use after: 123.2 MB.

Unloading 5 unused Assets to reduce memory usage. Loaded Objects now: 1593.
Total: 4.295020 ms (FindLiveObjects: 0.474163 ms CreateObjectMapping: 0.170770 ms MarkObjects: 3.534588 ms  DeleteObjects: 0.111091 ms)

========================================================================
Received Prepare
Registering precompiled user dll's ...
Registered in 0.001105 seconds.
Begin MonoManager ReloadAssembly
Native extension for OSXStandalone target not found
Native extension for WebGL target not found
Refreshing native plugins compatible for Editor in 0.58 ms, found 1 plugins.
Preloading 0 native plugins for Editor in 0.00 ms.
Invoked RoslynAnalysisRunner static constructor.
RoslynAnalysisRunner will not be running.
RoslynAnalysisRunner has terminated.
Mono: successfully reloaded assembly
- Completed reload, in  2.114 seconds
Platform modules already initialized, skipping
Refreshing native plugins compatible for Editor in 0.92 ms, found 1 plugins.
Preloading 0 native plugins for Editor in 0.00 ms.
Unloading 1120 Unused Serialized files (Serialized files now loaded: 0)
System memory in use before: 123.3 MB.
System memory in use after: 123.4 MB.

Unloading 5 unused Assets to reduce memory usage. Loaded Objects now: 1596.
Total: 4.655683 ms (FindLiveObjects: 0.328221 ms CreateObjectMapping: 0.098697 ms MarkObjects: 4.110704 ms  DeleteObjects: 0.114226 ms)

========================================================================
Received Prepare
Registering precompiled user dll's ...
Registered in 0.000733 seconds.
Begin MonoManager ReloadAssembly
Native extension for OSXStandalone target not found
Native extension for WebGL target not found
Refreshing native plugins compatible for Editor in 0.30 ms, found 1 plugins.
Preloading 0 native plugins for Editor in 0.00 ms.
Invoked RoslynAnalysisRunner static constructor.
RoslynAnalysisRunner will not be running.
RoslynAnalysisRunner has terminated.
Mono: successfully reloaded assembly
- Completed reload, in  1.083 seconds
Platform modules already initialized, skipping
Refreshing native plugins compatible for Editor in 0.24 ms, found 1 plugins.
Preloading 0 native plugins for Editor in 0.00 ms.
Unloading 1120 Unused Serialized files (Serialized files now loaded: 0)
System memory in use before: 123.5 MB.
System memory in use after: 123.6 MB.

Unloading 5 unused Assets to reduce memory usage. Loaded Objects now: 1599.
Total: 1.902437 ms (FindLiveObjects: 0.228869 ms CreateObjectMapping: 0.041938 ms MarkObjects: 1.579665 ms  DeleteObjects: 0.050633 ms)

========================================================================
Received Import Request.
  Time since last request: 71686.667566 seconds.
  path: Assets/GameScene/Prefabs/KeyPrefab.prefab
  artifactKey: Guid(41ec0e9f2f36a9945a1547074e8c1c52) Importer(815301076,1909f56bfc062723c751e8b465ee728b)
Start importing Assets/GameScene/Prefabs/KeyPrefab.prefab using Guid(41ec0e9f2f36a9945a1547074e8c1c52) Importer(815301076,1909f56bfc062723c751e8b465ee728b)  -> (artifact id: '77fe353d0553979bdf0feb2cf7832397') in 0.583734 seconds
  Import took 0.613601 seconds .

========================================================================
Received Import Request.
  Time since last request: 0.586213 seconds.
  path: Assets/GameScene/Prefabs/KeyPrefab.prefab
  artifactKey: Guid(41ec0e9f2f36a9945a1547074e8c1c52) Importer(815301076,1909f56bfc062723c751e8b465ee728b)
Start importing Assets/GameScene/Prefabs/KeyPrefab.prefab using Guid(41ec0e9f2f36a9945a1547074e8c1c52) Importer(815301076,1909f56bfc062723c751e8b465ee728b)  -> (artifact id: '3acc7140bed31511ed8d6ece30b6c754') in 0.030337 seconds
  Import took 0.035214 seconds .

========================================================================
Received Import Request.
  Time since last request: 3.905871 seconds.
  path: Assets/GameScene/Prefabs/KeyPrefab.prefab
  artifactKey: Guid(41ec0e9f2f36a9945a1547074e8c1c52) Importer(815301076,1909f56bfc062723c751e8b465ee728b)
Start importing Assets/GameScene/Prefabs/KeyPrefab.prefab using Guid(41ec0e9f2f36a9945a1547074e8c1c52) Importer(815301076,1909f56bfc062723c751e8b465ee728b)  -> (artifact id: '0a0b398f3457d569b8bc69a79ace2f74') in 0.033778 seconds
  Import took 0.039406 seconds .

========================================================================
Received Import Request.
  Time since last request: 4.667952 seconds.
  path: Assets/GameScene/Prefabs/KeyPrefab.prefab
  artifactKey: Guid(41ec0e9f2f36a9945a1547074e8c1c52) Importer(815301076,1909f56bfc062723c751e8b465ee728b)
Start importing Assets/GameScene/Prefabs/KeyPrefab.prefab using Guid(41ec0e9f2f36a9945a1547074e8c1c52) Importer(815301076,1909f56bfc062723c751e8b465ee728b)  -> (artifact id: '785319912677fd2622fe7a0a6ed0c671') in 0.033457 seconds
  Import took 0.038855 seconds .

========================================================================
Received Import Request.
  Time since last request: 2.308425 seconds.
  path: Assets/GameScene/Prefabs/KeyPrefab.prefab
  artifactKey: Guid(41ec0e9f2f36a9945a1547074e8c1c52) Importer(815301076,1909f56bfc062723c751e8b465ee728b)
Start importing Assets/GameScene/Prefabs/KeyPrefab.prefab using Guid(41ec0e9f2f36a9945a1547074e8c1c52) Importer(815301076,1909f56bfc062723c751e8b465ee728b)  -> (artifact id: 'dd67475ee5fcb509fc84cbea3aa12233') in 0.022396 seconds
  Import took 0.026545 seconds .

========================================================================
Received Import Request.
  Time since last request: 2.921862 seconds.
  path: Assets/GameScene/Prefabs/KeyPrefab.prefab
  artifactKey: Guid(41ec0e9f2f36a9945a1547074e8c1c52) Importer(815301076,1909f56bfc062723c751e8b465ee728b)
Start importing Assets/GameScene/Prefabs/KeyPrefab.prefab using Guid(41ec0e9f2f36a9945a1547074e8c1c52) Importer(815301076,1909f56bfc062723c751e8b465ee728b)  -> (artifact id: 'e79acb157e1b40a678bb97c5cb1ad495') in 0.019840 seconds
  Import took 0.026149 seconds .

========================================================================
Received Import Request.
  Time since last request: 2.929549 seconds.
  path: Assets/GameScene/Prefabs/KeyPrefab.prefab
  artifactKey: Guid(41ec0e9f2f36a9945a1547074e8c1c52) Importer(815301076,1909f56bfc062723c751e8b465ee728b)
Start importing Assets/GameScene/Prefabs/KeyPrefab.prefab using Guid(41ec0e9f2f36a9945a1547074e8c1c52) Importer(815301076,1909f56bfc062723c751e8b465ee728b)  -> (artifact id: 'bcce81d09521cb98cfe5180ed67d878d') in 0.027687 seconds
  Import took 0.032475 seconds .

========================================================================
Received Import Request.
  Time since last request: 1.848895 seconds.
  path: Assets/GameScene/Prefabs/KeyPrefab.prefab
  artifactKey: Guid(41ec0e9f2f36a9945a1547074e8c1c52) Importer(815301076,1909f56bfc062723c751e8b465ee728b)
Start importing Assets/GameScene/Prefabs/KeyPrefab.prefab using Guid(41ec0e9f2f36a9945a1547074e8c1c52) Importer(815301076,1909f56bfc062723c751e8b465ee728b)  -> (artifact id: '30fd3b3368535c54de1672655258e64a') in 0.035309 seconds
  Import took 0.039035 seconds .

========================================================================
Received Import Request.
  Time since last request: 3.493497 seconds.
  path: Assets/GameScene/Prefabs/KeyPrefab.prefab
  artifactKey: Guid(41ec0e9f2f36a9945a1547074e8c1c52) Importer(815301076,1909f56bfc062723c751e8b465ee728b)
Start importing Assets/GameScene/Prefabs/KeyPrefab.prefab using Guid(41ec0e9f2f36a9945a1547074e8c1c52) Importer(815301076,1909f56bfc062723c751e8b465ee728b)  -> (artifact id: 'f6f0b47f47114377b86cff1d91c4df1e') in 0.026808 seconds
  Import took 0.031405 seconds .

========================================================================
Received Import Request.
  Time since last request: 65.048261 seconds.
  path: Assets/GameScene/Prefabs/KeyPrefab.prefab
  artifactKey: Guid(41ec0e9f2f36a9945a1547074e8c1c52) Importer(815301076,1909f56bfc062723c751e8b465ee728b)
Start importing Assets/GameScene/Prefabs/KeyPrefab.prefab using Guid(41ec0e9f2f36a9945a1547074e8c1c52) Importer(815301076,1909f56bfc062723c751e8b465ee728b)  -> (artifact id: '42b3d9429071e0076dc0e6da839b9022') in 0.032799 seconds
  Import took 0.041513 seconds .

========================================================================
Received Import Request.
  Time since last request: 52.225526 seconds.
  path: Assets/GameScene/Prefabs/KeyPrefab.prefab
  artifactKey: Guid(41ec0e9f2f36a9945a1547074e8c1c52) Importer(815301076,1909f56bfc062723c751e8b465ee728b)
Start importing Assets/GameScene/Prefabs/KeyPrefab.prefab using Guid(41ec0e9f2f36a9945a1547074e8c1c52) Importer(815301076,1909f56bfc062723c751e8b465ee728b)  -> (artifact id: '79e623c4b11d5a8b395ad2113f947481') in 0.037973 seconds
  Import took 0.043323 seconds .

